<?xml version="1.0" encoding="UTF-8"?>
<!-- Generated by org.testng.reporters.JUnitReportReporter -->
<testsuite hostname="DESKTOP-HI56959" name="com.qa.tests.PostAPITest" tests="1" failures="0" timestamp="8 Aug 2020 15:14:07 GMT" time="2.432" errors="0">
  <testcase name="postAPITest" time="2.432" classname="com.qa.tests.PostAPITest"/>
</testsuite> <!-- com.qa.tests.PostAPITest -->
